<?xml version="1.0" encoding="UTF-8"?>
<testng-results skipped="0" failed="2" ignored="0" total="13" passed="11">
  <reporter-output>
  </reporter-output>
  <suite name="Command line suite" duration-ms="396152" started-at="2019-01-25T07:19:51Z" finished-at="2019-01-25T07:26:27Z">
    <groups>
    </groups>
    <test name="Command line test" duration-ms="396152" started-at="2019-01-25T07:19:51Z" finished-at="2019-01-25T07:26:27Z">
      <class name="com.qa.testclasses.ContactspageTest">
        <test-method status="PASS" signature="SetUp()[pri:0, instance:com.qa.testclasses.ContactspageTest@617c74e5]" name="SetUp" is-config="true" duration-ms="30736" started-at="2019-01-25T12:49:52Z" finished-at="2019-01-25T12:50:22Z">
          <reporter-output>
          </reporter-output>
        </test-method> <!-- SetUp -->
        <test-method status="PASS" signature="ValidateCreatecontact(java.lang.String, java.lang.String, java.lang.String, java.lang.String)[pri:0, instance:com.qa.testclasses.ContactspageTest@617c74e5]" name="ValidateCreatecontact" duration-ms="5881" started-at="2019-01-25T12:50:22Z" data-provider="getCRMTestData" finished-at="2019-01-25T12:50:28Z">
          <params>
            <param index="0">
              <value>
                <![CDATA[Mr.]]>
              </value>
            </param>
            <param index="1">
              <value>
                <![CDATA[David]]>
              </value>
            </param>
            <param index="2">
              <value>
                <![CDATA[cris]]>
              </value>
            </param>
            <param index="3">
              <value>
                <![CDATA[flipkart]]>
              </value>
            </param>
          </params>
          <reporter-output>
          </reporter-output>
        </test-method> <!-- ValidateCreatecontact -->
        <test-method status="PASS" signature="tearDown()[pri:0, instance:com.qa.testclasses.ContactspageTest@617c74e5]" name="tearDown" is-config="true" duration-ms="781" started-at="2019-01-25T12:50:28Z" finished-at="2019-01-25T12:50:29Z">
          <reporter-output>
          </reporter-output>
        </test-method> <!-- tearDown -->
        <test-method status="PASS" signature="SetUp()[pri:0, instance:com.qa.testclasses.ContactspageTest@617c74e5]" name="SetUp" is-config="true" duration-ms="21757" started-at="2019-01-25T12:50:29Z" finished-at="2019-01-25T12:50:51Z">
          <reporter-output>
          </reporter-output>
        </test-method> <!-- SetUp -->
        <test-method status="PASS" signature="ValidateCreatecontact(java.lang.String, java.lang.String, java.lang.String, java.lang.String)[pri:0, instance:com.qa.testclasses.ContactspageTest@617c74e5]" name="ValidateCreatecontact" duration-ms="6212" started-at="2019-01-25T12:50:51Z" data-provider="getCRMTestData" finished-at="2019-01-25T12:50:57Z">
          <params>
            <param index="0">
              <value>
                <![CDATA[Miss]]>
              </value>
            </param>
            <param index="1">
              <value>
                <![CDATA[julie]]>
              </value>
            </param>
            <param index="2">
              <value>
                <![CDATA[k]]>
              </value>
            </param>
            <param index="3">
              <value>
                <![CDATA[ATT]]>
              </value>
            </param>
          </params>
          <reporter-output>
          </reporter-output>
        </test-method> <!-- ValidateCreatecontact -->
        <test-method status="PASS" signature="tearDown()[pri:0, instance:com.qa.testclasses.ContactspageTest@617c74e5]" name="tearDown" is-config="true" duration-ms="751" started-at="2019-01-25T12:50:57Z" finished-at="2019-01-25T12:50:58Z">
          <reporter-output>
          </reporter-output>
        </test-method> <!-- tearDown -->
        <test-method status="PASS" signature="SetUp()[pri:0, instance:com.qa.testclasses.ContactspageTest@617c74e5]" name="SetUp" is-config="true" duration-ms="19977" started-at="2019-01-25T12:50:58Z" finished-at="2019-01-25T12:51:18Z">
          <reporter-output>
          </reporter-output>
        </test-method> <!-- SetUp -->
        <test-method status="PASS" signature="ValidateCreatecontact(java.lang.String, java.lang.String, java.lang.String, java.lang.String)[pri:0, instance:com.qa.testclasses.ContactspageTest@617c74e5]" name="ValidateCreatecontact" duration-ms="5339" started-at="2019-01-25T12:51:18Z" data-provider="getCRMTestData" finished-at="2019-01-25T12:51:23Z">
          <params>
            <param index="0">
              <value>
                <![CDATA[Dr.]]>
              </value>
            </param>
            <param index="1">
              <value>
                <![CDATA[Anum]]>
              </value>
            </param>
            <param index="2">
              <value>
                <![CDATA[b]]>
              </value>
            </param>
            <param index="3">
              <value>
                <![CDATA[cisco]]>
              </value>
            </param>
          </params>
          <reporter-output>
          </reporter-output>
        </test-method> <!-- ValidateCreatecontact -->
        <test-method status="PASS" signature="tearDown()[pri:0, instance:com.qa.testclasses.ContactspageTest@617c74e5]" name="tearDown" is-config="true" duration-ms="734" started-at="2019-01-25T12:51:23Z" finished-at="2019-01-25T12:51:24Z">
          <reporter-output>
          </reporter-output>
        </test-method> <!-- tearDown -->
        <test-method status="PASS" signature="SetUp()[pri:0, instance:com.qa.testclasses.ContactspageTest@617c74e5]" name="SetUp" is-config="true" duration-ms="22257" started-at="2019-01-25T12:51:24Z" finished-at="2019-01-25T12:51:46Z">
          <reporter-output>
          </reporter-output>
        </test-method> <!-- SetUp -->
        <test-method status="PASS" signature="ValidateCreatecontact(java.lang.String, java.lang.String, java.lang.String, java.lang.String)[pri:0, instance:com.qa.testclasses.ContactspageTest@617c74e5]" name="ValidateCreatecontact" duration-ms="5661" started-at="2019-01-25T12:51:46Z" data-provider="getCRMTestData" finished-at="2019-01-25T12:51:52Z">
          <params>
            <param index="0">
              <value>
                <![CDATA[Miss]]>
              </value>
            </param>
            <param index="1">
              <value>
                <![CDATA[patak]]>
              </value>
            </param>
            <param index="2">
              <value>
                <![CDATA[N]]>
              </value>
            </param>
            <param index="3">
              <value>
                <![CDATA[CG]]>
              </value>
            </param>
          </params>
          <reporter-output>
          </reporter-output>
        </test-method> <!-- ValidateCreatecontact -->
        <test-method status="PASS" signature="tearDown()[pri:0, instance:com.qa.testclasses.ContactspageTest@617c74e5]" name="tearDown" is-config="true" duration-ms="787" started-at="2019-01-25T12:51:52Z" finished-at="2019-01-25T12:51:53Z">
          <reporter-output>
          </reporter-output>
        </test-method> <!-- tearDown -->
        <test-method status="PASS" signature="SetUp()[pri:0, instance:com.qa.testclasses.ContactspageTest@617c74e5]" name="SetUp" is-config="true" duration-ms="19134" started-at="2019-01-25T12:51:53Z" finished-at="2019-01-25T12:52:12Z">
          <reporter-output>
          </reporter-output>
        </test-method> <!-- SetUp -->
        <test-method status="FAIL" signature="selectMultiplecontactTest()[pri:0, instance:com.qa.testclasses.ContactspageTest@617c74e5]" name="selectMultiplecontactTest" duration-ms="40415" started-at="2019-01-25T12:52:12Z" finished-at="2019-01-25T12:52:52Z">
          <exception class="org.openqa.selenium.NoSuchElementException">
            <message>
              <![CDATA[no such element: Unable to locate element: {"method":"xpath","selector":"//a[text()='pavithra v']//parent::td[@class='datalistrow']//preceding-sibling::td[@class='datalistrow']//input[@name='contact_id']"}
  (Session info: chrome=71.0.3578.98)
  (Driver info: chromedriver=2.45.615291 (ec3682e3c9061c10f26ea9e5cdcf3c53f3f74387),platform=Windows NT 10.0.16299 x86_64) (WARNING: The server did not provide any stacktrace information)
Command duration or timeout: 0 milliseconds
For documentation on this error, please visit: http://seleniumhq.org/exceptions/no_such_element.html
Build info: version: '3.5.2', revision: '10229a9', time: '2017-08-21T17:29:55.15Z'
System info: host: 'DIN37001770', ip: '10.77.79.175', os.name: 'Windows 10', os.arch: 'amd64', os.version: '10.0', java.version: '1.8.0_201'
Driver info: org.openqa.selenium.chrome.ChromeDriver
Capabilities [{mobileEmulationEnabled=false, timeouts={implicit=0, pageLoad=300000, script=30000}, hasTouchScreen=false, platform=XP, acceptSslCerts=false, goog:chromeOptions={debuggerAddress=localhost:54437}, acceptInsecureCerts=false, webStorageEnabled=true, browserName=chrome, takesScreenshot=true, javascriptEnabled=true, setWindowRect=true, unexpectedAlertBehaviour=ignore, applicationCacheEnabled=false, rotatable=false, networkConnectionEnabled=false, chrome={chromedriverVersion=2.45.615291 (ec3682e3c9061c10f26ea9e5cdcf3c53f3f74387), userDataDir=C:\Users\pavithra\AppData\Local\Temp\scoped_dir3008_7198}, takesHeapSnapshot=true, unhandledPromptBehavior=ignore, pageLoadStrategy=normal, strictFileInteractability=false, databaseEnabled=false, handlesAlerts=true, version=71.0.3578.98, browserConnectionEnabled=false, proxy=Proxy(), nativeEvents=true, locationContextEnabled=true, cssSelectorsEnabled=true}]
Session ID: 0430907a08dce67eec548a3919750b18
*** Element info: {Using=xpath, value=//a[text()='pavithra v']//parent::td[@class='datalistrow']//preceding-sibling::td[@class='datalistrow']//input[@name='contact_id']}]]>
            </message>
            <full-stacktrace>
              <![CDATA[org.openqa.selenium.NoSuchElementException: no such element: Unable to locate element: {"method":"xpath","selector":"//a[text()='pavithra v']//parent::td[@class='datalistrow']//preceding-sibling::td[@class='datalistrow']//input[@name='contact_id']"}
  (Session info: chrome=71.0.3578.98)
  (Driver info: chromedriver=2.45.615291 (ec3682e3c9061c10f26ea9e5cdcf3c53f3f74387),platform=Windows NT 10.0.16299 x86_64) (WARNING: The server did not provide any stacktrace information)
Command duration or timeout: 0 milliseconds
For documentation on this error, please visit: http://seleniumhq.org/exceptions/no_such_element.html
Build info: version: '3.5.2', revision: '10229a9', time: '2017-08-21T17:29:55.15Z'
System info: host: 'DIN37001770', ip: '10.77.79.175', os.name: 'Windows 10', os.arch: 'amd64', os.version: '10.0', java.version: '1.8.0_201'
Driver info: org.openqa.selenium.chrome.ChromeDriver
Capabilities [{mobileEmulationEnabled=false, timeouts={implicit=0, pageLoad=300000, script=30000}, hasTouchScreen=false, platform=XP, acceptSslCerts=false, goog:chromeOptions={debuggerAddress=localhost:54437}, acceptInsecureCerts=false, webStorageEnabled=true, browserName=chrome, takesScreenshot=true, javascriptEnabled=true, setWindowRect=true, unexpectedAlertBehaviour=ignore, applicationCacheEnabled=false, rotatable=false, networkConnectionEnabled=false, chrome={chromedriverVersion=2.45.615291 (ec3682e3c9061c10f26ea9e5cdcf3c53f3f74387), userDataDir=C:\Users\pavithra\AppData\Local\Temp\scoped_dir3008_7198}, takesHeapSnapshot=true, unhandledPromptBehavior=ignore, pageLoadStrategy=normal, strictFileInteractability=false, databaseEnabled=false, handlesAlerts=true, version=71.0.3578.98, browserConnectionEnabled=false, proxy=Proxy(), nativeEvents=true, locationContextEnabled=true, cssSelectorsEnabled=true}]
Session ID: 0430907a08dce67eec548a3919750b18
*** Element info: {Using=xpath, value=//a[text()='pavithra v']//parent::td[@class='datalistrow']//preceding-sibling::td[@class='datalistrow']//input[@name='contact_id']}
	at sun.reflect.NativeConstructorAccessorImpl.newInstance0(Native Method)
	at sun.reflect.NativeConstructorAccessorImpl.newInstance(NativeConstructorAccessorImpl.java:62)
	at sun.reflect.DelegatingConstructorAccessorImpl.newInstance(DelegatingConstructorAccessorImpl.java:45)
	at java.lang.reflect.Constructor.newInstance(Constructor.java:423)
	at org.openqa.selenium.remote.ErrorHandler.createThrowable(ErrorHandler.java:215)
	at org.openqa.selenium.remote.ErrorHandler.throwIfResponseFailed(ErrorHandler.java:167)
	at org.openqa.selenium.remote.http.JsonHttpResponseCodec.reconstructValue(JsonHttpResponseCodec.java:40)
	at org.openqa.selenium.remote.http.AbstractHttpResponseCodec.decode(AbstractHttpResponseCodec.java:82)
	at org.openqa.selenium.remote.http.AbstractHttpResponseCodec.decode(AbstractHttpResponseCodec.java:45)
	at org.openqa.selenium.remote.HttpCommandExecutor.execute(HttpCommandExecutor.java:164)
	at org.openqa.selenium.remote.service.DriverCommandExecutor.execute(DriverCommandExecutor.java:82)
	at org.openqa.selenium.remote.RemoteWebDriver.execute(RemoteWebDriver.java:641)
	at org.openqa.selenium.remote.RemoteWebDriver.findElement(RemoteWebDriver.java:414)
	at org.openqa.selenium.remote.RemoteWebDriver.findElementByXPath(RemoteWebDriver.java:513)
	at org.openqa.selenium.By$ByXPath.findElement(By.java:361)
	at org.openqa.selenium.remote.RemoteWebDriver.findElement(RemoteWebDriver.java:406)
	at sun.reflect.GeneratedMethodAccessor8.invoke(Unknown Source)
	at sun.reflect.DelegatingMethodAccessorImpl.invoke(DelegatingMethodAccessorImpl.java:43)
	at java.lang.reflect.Method.invoke(Method.java:498)
	at org.openqa.selenium.support.events.EventFiringWebDriver$2.invoke(EventFiringWebDriver.java:105)
	at com.sun.proxy.$Proxy6.findElement(Unknown Source)
	at org.openqa.selenium.support.events.EventFiringWebDriver.findElement(EventFiringWebDriver.java:189)
	at com.qa.pages.ContactsPage.selectcontactsByname(ContactsPage.java:30)
	at com.qa.testclasses.ContactspageTest.selectMultiplecontactTest(ContactspageTest.java:46)
	at sun.reflect.NativeMethodAccessorImpl.invoke0(Native Method)
	at sun.reflect.NativeMethodAccessorImpl.invoke(NativeMethodAccessorImpl.java:62)
	at sun.reflect.DelegatingMethodAccessorImpl.invoke(DelegatingMethodAccessorImpl.java:43)
	at java.lang.reflect.Method.invoke(Method.java:498)
	at org.testng.internal.MethodInvocationHelper.invokeMethod(MethodInvocationHelper.java:104)
	at org.testng.internal.Invoker.invokeMethod(Invoker.java:645)
	at org.testng.internal.Invoker.invokeTestMethod(Invoker.java:851)
	at org.testng.internal.Invoker.invokeTestMethods(Invoker.java:1177)
	at org.testng.internal.TestMethodWorker.invokeTestMethods(TestMethodWorker.java:129)
	at org.testng.internal.TestMethodWorker.run(TestMethodWorker.java:112)
	at org.testng.TestRunner.privateRun(TestRunner.java:756)
	at org.testng.TestRunner.run(TestRunner.java:610)
	at org.testng.SuiteRunner.runTest(SuiteRunner.java:387)
	at org.testng.SuiteRunner.runSequentially(SuiteRunner.java:382)
	at org.testng.SuiteRunner.privateRun(SuiteRunner.java:340)
	at org.testng.SuiteRunner.run(SuiteRunner.java:289)
	at org.testng.SuiteRunnerWorker.runSuite(SuiteRunnerWorker.java:52)
	at org.testng.SuiteRunnerWorker.run(SuiteRunnerWorker.java:86)
	at org.testng.TestNG.runSuitesSequentially(TestNG.java:1293)
	at org.testng.TestNG.runSuitesLocally(TestNG.java:1218)
	at org.testng.TestNG.runSuites(TestNG.java:1133)
	at org.testng.TestNG.run(TestNG.java:1104)
	at org.apache.maven.surefire.testng.TestNGExecutor.run(TestNGExecutor.java:77)
	at org.apache.maven.surefire.testng.TestNGDirectoryTestSuite.executeMulti(TestNGDirectoryTestSuite.java:159)
	at org.apache.maven.surefire.testng.TestNGDirectoryTestSuite.execute(TestNGDirectoryTestSuite.java:99)
	at org.apache.maven.surefire.testng.TestNGProvider.invoke(TestNGProvider.java:106)
	at sun.reflect.NativeMethodAccessorImpl.invoke0(Native Method)
	at sun.reflect.NativeMethodAccessorImpl.invoke(NativeMethodAccessorImpl.java:62)
	at sun.reflect.DelegatingMethodAccessorImpl.invoke(DelegatingMethodAccessorImpl.java:43)
	at java.lang.reflect.Method.invoke(Method.java:498)
	at org.apache.maven.surefire.util.ReflectionUtils.invokeMethodWithArray(ReflectionUtils.java:189)
	at org.apache.maven.surefire.booter.ProviderFactory$ProviderProxy.invoke(ProviderFactory.java:165)
	at org.apache.maven.surefire.booter.ProviderFactory.invokeProvider(ProviderFactory.java:85)
	at org.apache.maven.surefire.booter.ForkedBooter.runSuitesInProcess(ForkedBooter.java:115)
	at org.apache.maven.surefire.booter.ForkedBooter.main(ForkedBooter.java:75)
]]>
            </full-stacktrace>
          </exception> <!-- org.openqa.selenium.NoSuchElementException -->
          <reporter-output>
          </reporter-output>
        </test-method> <!-- selectMultiplecontactTest -->
        <test-method status="PASS" signature="tearDown()[pri:0, instance:com.qa.testclasses.ContactspageTest@617c74e5]" name="tearDown" is-config="true" duration-ms="805" started-at="2019-01-25T12:52:52Z" finished-at="2019-01-25T12:52:53Z">
          <reporter-output>
          </reporter-output>
        </test-method> <!-- tearDown -->
        <test-method status="PASS" signature="SetUp()[pri:0, instance:com.qa.testclasses.ContactspageTest@617c74e5]" name="SetUp" is-config="true" duration-ms="25477" started-at="2019-01-25T12:52:53Z" finished-at="2019-01-25T12:53:18Z">
          <reporter-output>
          </reporter-output>
        </test-method> <!-- SetUp -->
        <test-method status="FAIL" signature="selectsinglecontactTest()[pri:0, instance:com.qa.testclasses.ContactspageTest@617c74e5]" name="selectsinglecontactTest" duration-ms="40296" started-at="2019-01-25T12:53:18Z" finished-at="2019-01-25T12:53:59Z">
          <exception class="org.openqa.selenium.NoSuchElementException">
            <message>
              <![CDATA[no such element: Unable to locate element: {"method":"xpath","selector":"//a[text()='pavithra v']//parent::td[@class='datalistrow']//preceding-sibling::td[@class='datalistrow']//input[@name='contact_id']"}
  (Session info: chrome=71.0.3578.98)
  (Driver info: chromedriver=2.45.615291 (ec3682e3c9061c10f26ea9e5cdcf3c53f3f74387),platform=Windows NT 10.0.16299 x86_64) (WARNING: The server did not provide any stacktrace information)
Command duration or timeout: 0 milliseconds
For documentation on this error, please visit: http://seleniumhq.org/exceptions/no_such_element.html
Build info: version: '3.5.2', revision: '10229a9', time: '2017-08-21T17:29:55.15Z'
System info: host: 'DIN37001770', ip: '10.77.79.175', os.name: 'Windows 10', os.arch: 'amd64', os.version: '10.0', java.version: '1.8.0_201'
Driver info: org.openqa.selenium.chrome.ChromeDriver
Capabilities [{mobileEmulationEnabled=false, timeouts={implicit=0, pageLoad=300000, script=30000}, hasTouchScreen=false, platform=XP, acceptSslCerts=false, goog:chromeOptions={debuggerAddress=localhost:54492}, acceptInsecureCerts=false, webStorageEnabled=true, browserName=chrome, takesScreenshot=true, javascriptEnabled=true, setWindowRect=true, unexpectedAlertBehaviour=ignore, applicationCacheEnabled=false, rotatable=false, networkConnectionEnabled=false, chrome={chromedriverVersion=2.45.615291 (ec3682e3c9061c10f26ea9e5cdcf3c53f3f74387), userDataDir=C:\Users\pavithra\AppData\Local\Temp\scoped_dir11772_22952}, takesHeapSnapshot=true, unhandledPromptBehavior=ignore, pageLoadStrategy=normal, strictFileInteractability=false, databaseEnabled=false, handlesAlerts=true, version=71.0.3578.98, browserConnectionEnabled=false, proxy=Proxy(), nativeEvents=true, locationContextEnabled=true, cssSelectorsEnabled=true}]
Session ID: 9383a3a5573c9e1a2613132f9c3b3b9c
*** Element info: {Using=xpath, value=//a[text()='pavithra v']//parent::td[@class='datalistrow']//preceding-sibling::td[@class='datalistrow']//input[@name='contact_id']}]]>
            </message>
            <full-stacktrace>
              <![CDATA[org.openqa.selenium.NoSuchElementException: no such element: Unable to locate element: {"method":"xpath","selector":"//a[text()='pavithra v']//parent::td[@class='datalistrow']//preceding-sibling::td[@class='datalistrow']//input[@name='contact_id']"}
  (Session info: chrome=71.0.3578.98)
  (Driver info: chromedriver=2.45.615291 (ec3682e3c9061c10f26ea9e5cdcf3c53f3f74387),platform=Windows NT 10.0.16299 x86_64) (WARNING: The server did not provide any stacktrace information)
Command duration or timeout: 0 milliseconds
For documentation on this error, please visit: http://seleniumhq.org/exceptions/no_such_element.html
Build info: version: '3.5.2', revision: '10229a9', time: '2017-08-21T17:29:55.15Z'
System info: host: 'DIN37001770', ip: '10.77.79.175', os.name: 'Windows 10', os.arch: 'amd64', os.version: '10.0', java.version: '1.8.0_201'
Driver info: org.openqa.selenium.chrome.ChromeDriver
Capabilities [{mobileEmulationEnabled=false, timeouts={implicit=0, pageLoad=300000, script=30000}, hasTouchScreen=false, platform=XP, acceptSslCerts=false, goog:chromeOptions={debuggerAddress=localhost:54492}, acceptInsecureCerts=false, webStorageEnabled=true, browserName=chrome, takesScreenshot=true, javascriptEnabled=true, setWindowRect=true, unexpectedAlertBehaviour=ignore, applicationCacheEnabled=false, rotatable=false, networkConnectionEnabled=false, chrome={chromedriverVersion=2.45.615291 (ec3682e3c9061c10f26ea9e5cdcf3c53f3f74387), userDataDir=C:\Users\pavithra\AppData\Local\Temp\scoped_dir11772_22952}, takesHeapSnapshot=true, unhandledPromptBehavior=ignore, pageLoadStrategy=normal, strictFileInteractability=false, databaseEnabled=false, handlesAlerts=true, version=71.0.3578.98, browserConnectionEnabled=false, proxy=Proxy(), nativeEvents=true, locationContextEnabled=true, cssSelectorsEnabled=true}]
Session ID: 9383a3a5573c9e1a2613132f9c3b3b9c
*** Element info: {Using=xpath, value=//a[text()='pavithra v']//parent::td[@class='datalistrow']//preceding-sibling::td[@class='datalistrow']//input[@name='contact_id']}
	at sun.reflect.NativeConstructorAccessorImpl.newInstance0(Native Method)
	at sun.reflect.NativeConstructorAccessorImpl.newInstance(NativeConstructorAccessorImpl.java:62)
	at sun.reflect.DelegatingConstructorAccessorImpl.newInstance(DelegatingConstructorAccessorImpl.java:45)
	at java.lang.reflect.Constructor.newInstance(Constructor.java:423)
	at org.openqa.selenium.remote.ErrorHandler.createThrowable(ErrorHandler.java:215)
	at org.openqa.selenium.remote.ErrorHandler.throwIfResponseFailed(ErrorHandler.java:167)
	at org.openqa.selenium.remote.http.JsonHttpResponseCodec.reconstructValue(JsonHttpResponseCodec.java:40)
	at org.openqa.selenium.remote.http.AbstractHttpResponseCodec.decode(AbstractHttpResponseCodec.java:82)
	at org.openqa.selenium.remote.http.AbstractHttpResponseCodec.decode(AbstractHttpResponseCodec.java:45)
	at org.openqa.selenium.remote.HttpCommandExecutor.execute(HttpCommandExecutor.java:164)
	at org.openqa.selenium.remote.service.DriverCommandExecutor.execute(DriverCommandExecutor.java:82)
	at org.openqa.selenium.remote.RemoteWebDriver.execute(RemoteWebDriver.java:641)
	at org.openqa.selenium.remote.RemoteWebDriver.findElement(RemoteWebDriver.java:414)
	at org.openqa.selenium.remote.RemoteWebDriver.findElementByXPath(RemoteWebDriver.java:513)
	at org.openqa.selenium.By$ByXPath.findElement(By.java:361)
	at org.openqa.selenium.remote.RemoteWebDriver.findElement(RemoteWebDriver.java:406)
	at sun.reflect.GeneratedMethodAccessor8.invoke(Unknown Source)
	at sun.reflect.DelegatingMethodAccessorImpl.invoke(DelegatingMethodAccessorImpl.java:43)
	at java.lang.reflect.Method.invoke(Method.java:498)
	at org.openqa.selenium.support.events.EventFiringWebDriver$2.invoke(EventFiringWebDriver.java:105)
	at com.sun.proxy.$Proxy6.findElement(Unknown Source)
	at org.openqa.selenium.support.events.EventFiringWebDriver.findElement(EventFiringWebDriver.java:189)
	at com.qa.pages.ContactsPage.selectcontactsByname(ContactsPage.java:30)
	at com.qa.testclasses.ContactspageTest.selectsinglecontactTest(ContactspageTest.java:42)
	at sun.reflect.NativeMethodAccessorImpl.invoke0(Native Method)
	at sun.reflect.NativeMethodAccessorImpl.invoke(NativeMethodAccessorImpl.java:62)
	at sun.reflect.DelegatingMethodAccessorImpl.invoke(DelegatingMethodAccessorImpl.java:43)
	at java.lang.reflect.Method.invoke(Method.java:498)
	at org.testng.internal.MethodInvocationHelper.invokeMethod(MethodInvocationHelper.java:104)
	at org.testng.internal.Invoker.invokeMethod(Invoker.java:645)
	at org.testng.internal.Invoker.invokeTestMethod(Invoker.java:851)
	at org.testng.internal.Invoker.invokeTestMethods(Invoker.java:1177)
	at org.testng.internal.TestMethodWorker.invokeTestMethods(TestMethodWorker.java:129)
	at org.testng.internal.TestMethodWorker.run(TestMethodWorker.java:112)
	at org.testng.TestRunner.privateRun(TestRunner.java:756)
	at org.testng.TestRunner.run(TestRunner.java:610)
	at org.testng.SuiteRunner.runTest(SuiteRunner.java:387)
	at org.testng.SuiteRunner.runSequentially(SuiteRunner.java:382)
	at org.testng.SuiteRunner.privateRun(SuiteRunner.java:340)
	at org.testng.SuiteRunner.run(SuiteRunner.java:289)
	at org.testng.SuiteRunnerWorker.runSuite(SuiteRunnerWorker.java:52)
	at org.testng.SuiteRunnerWorker.run(SuiteRunnerWorker.java:86)
	at org.testng.TestNG.runSuitesSequentially(TestNG.java:1293)
	at org.testng.TestNG.runSuitesLocally(TestNG.java:1218)
	at org.testng.TestNG.runSuites(TestNG.java:1133)
	at org.testng.TestNG.run(TestNG.java:1104)
	at org.apache.maven.surefire.testng.TestNGExecutor.run(TestNGExecutor.java:77)
	at org.apache.maven.surefire.testng.TestNGDirectoryTestSuite.executeMulti(TestNGDirectoryTestSuite.java:159)
	at org.apache.maven.surefire.testng.TestNGDirectoryTestSuite.execute(TestNGDirectoryTestSuite.java:99)
	at org.apache.maven.surefire.testng.TestNGProvider.invoke(TestNGProvider.java:106)
	at sun.reflect.NativeMethodAccessorImpl.invoke0(Native Method)
	at sun.reflect.NativeMethodAccessorImpl.invoke(NativeMethodAccessorImpl.java:62)
	at sun.reflect.DelegatingMethodAccessorImpl.invoke(DelegatingMethodAccessorImpl.java:43)
	at java.lang.reflect.Method.invoke(Method.java:498)
	at org.apache.maven.surefire.util.ReflectionUtils.invokeMethodWithArray(ReflectionUtils.java:189)
	at org.apache.maven.surefire.booter.ProviderFactory$ProviderProxy.invoke(ProviderFactory.java:165)
	at org.apache.maven.surefire.booter.ProviderFactory.invokeProvider(ProviderFactory.java:85)
	at org.apache.maven.surefire.booter.ForkedBooter.runSuitesInProcess(ForkedBooter.java:115)
	at org.apache.maven.surefire.booter.ForkedBooter.main(ForkedBooter.java:75)
]]>
            </full-stacktrace>
          </exception> <!-- org.openqa.selenium.NoSuchElementException -->
          <reporter-output>
          </reporter-output>
        </test-method> <!-- selectsinglecontactTest -->
        <test-method status="PASS" signature="tearDown()[pri:0, instance:com.qa.testclasses.ContactspageTest@617c74e5]" name="tearDown" is-config="true" duration-ms="741" started-at="2019-01-25T12:53:59Z" finished-at="2019-01-25T12:53:59Z">
          <reporter-output>
          </reporter-output>
        </test-method> <!-- tearDown -->
        <test-method status="PASS" signature="SetUp()[pri:0, instance:com.qa.testclasses.ContactspageTest@617c74e5]" name="SetUp" is-config="true" duration-ms="21586" started-at="2019-01-25T12:53:59Z" finished-at="2019-01-25T12:54:21Z">
          <reporter-output>
          </reporter-output>
        </test-method> <!-- SetUp -->
        <test-method status="PASS" signature="verifycontactsLabel()[pri:0, instance:com.qa.testclasses.ContactspageTest@617c74e5]" name="verifycontactsLabel" duration-ms="51" started-at="2019-01-25T12:54:21Z" finished-at="2019-01-25T12:54:21Z">
          <reporter-output>
          </reporter-output>
        </test-method> <!-- verifycontactsLabel -->
        <test-method status="PASS" signature="tearDown()[pri:0, instance:com.qa.testclasses.ContactspageTest@617c74e5]" name="tearDown" is-config="true" duration-ms="719" started-at="2019-01-25T12:54:21Z" finished-at="2019-01-25T12:54:22Z">
          <reporter-output>
          </reporter-output>
        </test-method> <!-- tearDown -->
      </class> <!-- com.qa.testclasses.ContactspageTest -->
      <class name="com.qa.testclasses.HomePageTest">
        <test-method status="PASS" signature="SetUp()[pri:0, instance:com.qa.testclasses.HomePageTest@6537cf78]" name="SetUp" is-config="true" duration-ms="18552" started-at="2019-01-25T12:54:22Z" finished-at="2019-01-25T12:54:40Z">
          <reporter-output>
          </reporter-output>
        </test-method> <!-- SetUp -->
        <test-method status="PASS" signature="HomepagetitleTest()[pri:1, instance:com.qa.testclasses.HomePageTest@6537cf78]" name="HomepagetitleTest" duration-ms="11" started-at="2019-01-25T12:54:40Z" finished-at="2019-01-25T12:54:40Z">
          <reporter-output>
          </reporter-output>
        </test-method> <!-- HomepagetitleTest -->
        <test-method status="PASS" signature="tearDown()[pri:0, instance:com.qa.testclasses.HomePageTest@6537cf78]" name="tearDown" is-config="true" duration-ms="771" started-at="2019-01-25T12:54:40Z" finished-at="2019-01-25T12:54:41Z">
          <reporter-output>
          </reporter-output>
        </test-method> <!-- tearDown -->
        <test-method status="PASS" signature="SetUp()[pri:0, instance:com.qa.testclasses.HomePageTest@6537cf78]" name="SetUp" is-config="true" duration-ms="19809" started-at="2019-01-25T12:54:56Z" finished-at="2019-01-25T12:55:16Z">
          <reporter-output>
          </reporter-output>
        </test-method> <!-- SetUp -->
        <test-method status="PASS" signature="VerigyusernameTest()[pri:2, instance:com.qa.testclasses.HomePageTest@6537cf78]" name="VerigyusernameTest" duration-ms="103" started-at="2019-01-25T12:55:16Z" finished-at="2019-01-25T12:55:16Z">
          <reporter-output>
          </reporter-output>
        </test-method> <!-- VerigyusernameTest -->
        <test-method status="PASS" signature="tearDown()[pri:0, instance:com.qa.testclasses.HomePageTest@6537cf78]" name="tearDown" is-config="true" duration-ms="712" started-at="2019-01-25T12:55:16Z" finished-at="2019-01-25T12:55:16Z">
          <reporter-output>
          </reporter-output>
        </test-method> <!-- tearDown -->
        <test-method status="PASS" signature="SetUp()[pri:0, instance:com.qa.testclasses.HomePageTest@6537cf78]" name="SetUp" is-config="true" duration-ms="21227" started-at="2019-01-25T12:55:32Z" finished-at="2019-01-25T12:55:53Z">
          <reporter-output>
          </reporter-output>
        </test-method> <!-- SetUp -->
        <test-method status="PASS" signature="ClickoncontactsTest()[pri:3, instance:com.qa.testclasses.HomePageTest@6537cf78]" name="ClickoncontactsTest" duration-ms="2059" started-at="2019-01-25T12:55:53Z" finished-at="2019-01-25T12:55:55Z">
          <reporter-output>
          </reporter-output>
        </test-method> <!-- ClickoncontactsTest -->
        <test-method status="PASS" signature="tearDown()[pri:0, instance:com.qa.testclasses.HomePageTest@6537cf78]" name="tearDown" is-config="true" duration-ms="727" started-at="2019-01-25T12:55:55Z" finished-at="2019-01-25T12:55:56Z">
          <reporter-output>
          </reporter-output>
        </test-method> <!-- tearDown -->
      </class> <!-- com.qa.testclasses.HomePageTest -->
      <class name="com.qa.testclasses.LoginPageTest">
        <test-method status="PASS" signature="setUP()[pri:0, instance:com.qa.testclasses.LoginPageTest@67b6d4ae]" name="setUP" is-config="true" duration-ms="13992" started-at="2019-01-25T12:54:41Z" finished-at="2019-01-25T12:54:55Z">
          <reporter-output>
          </reporter-output>
        </test-method> <!-- setUP -->
        <test-method status="PASS" signature="LoginPageTitleTest()[pri:1, instance:com.qa.testclasses.LoginPageTest@67b6d4ae]" name="LoginPageTitleTest" duration-ms="23" started-at="2019-01-25T12:54:55Z" finished-at="2019-01-25T12:54:55Z">
          <reporter-output>
          </reporter-output>
        </test-method> <!-- LoginPageTitleTest -->
        <test-method status="PASS" signature="tearDown()[pri:0, instance:com.qa.testclasses.LoginPageTest@67b6d4ae]" name="tearDown" is-config="true" duration-ms="736" started-at="2019-01-25T12:54:55Z" finished-at="2019-01-25T12:54:56Z">
          <reporter-output>
          </reporter-output>
        </test-method> <!-- tearDown -->
        <test-method status="PASS" signature="setUP()[pri:0, instance:com.qa.testclasses.LoginPageTest@67b6d4ae]" name="setUP" is-config="true" duration-ms="14812" started-at="2019-01-25T12:55:16Z" finished-at="2019-01-25T12:55:31Z">
          <reporter-output>
          </reporter-output>
        </test-method> <!-- setUP -->
        <test-method status="PASS" signature="crmlogoImageTest()[pri:2, instance:com.qa.testclasses.LoginPageTest@67b6d4ae]" name="crmlogoImageTest" duration-ms="56" started-at="2019-01-25T12:55:31Z" finished-at="2019-01-25T12:55:31Z">
          <reporter-output>
          </reporter-output>
        </test-method> <!-- crmlogoImageTest -->
        <test-method status="PASS" signature="tearDown()[pri:0, instance:com.qa.testclasses.LoginPageTest@67b6d4ae]" name="tearDown" is-config="true" duration-ms="689" started-at="2019-01-25T12:55:31Z" finished-at="2019-01-25T12:55:32Z">
          <reporter-output>
          </reporter-output>
        </test-method> <!-- tearDown -->
        <test-method status="PASS" signature="setUP()[pri:0, instance:com.qa.testclasses.LoginPageTest@67b6d4ae]" name="setUP" is-config="true" duration-ms="20094" started-at="2019-01-25T12:55:56Z" finished-at="2019-01-25T12:56:16Z">
          <reporter-output>
          </reporter-output>
        </test-method> <!-- setUP -->
        <test-method status="PASS" signature="loginTest()[pri:3, instance:com.qa.testclasses.LoginPageTest@67b6d4ae]" name="loginTest" duration-ms="9999" started-at="2019-01-25T12:56:16Z" finished-at="2019-01-25T12:56:26Z">
          <reporter-output>
          </reporter-output>
        </test-method> <!-- loginTest -->
        <test-method status="PASS" signature="tearDown()[pri:0, instance:com.qa.testclasses.LoginPageTest@67b6d4ae]" name="tearDown" is-config="true" duration-ms="729" started-at="2019-01-25T12:56:26Z" finished-at="2019-01-25T12:56:27Z">
          <reporter-output>
          </reporter-output>
        </test-method> <!-- tearDown -->
      </class> <!-- com.qa.testclasses.LoginPageTest -->
    </test> <!-- Command line test -->
  </suite> <!-- Command line suite -->
</testng-results>
